# JRE version: OpenJDK Runtime Environment (8.0_152-b02) (build 1.8.0_152-release-1024-b02)
# Java VM: OpenJDK 64-Bit Server VM (25.152-b02 mixed mode windows-amd64 compressed oops)
Heap:
 PSYoungGen      total 142848K, used 131847K [0x00000000e0000000, 0x00000000e9800000, 0x0000000100000000)
  eden space 132096K, 99% used [0x00000000e0000000,0x00000000e80c1cc8,0x00000000e8100000)
  from space 10752K, 0% used [0x00000000e8100000,0x00000000e8100000,0x00000000e8b80000)
  to   space 9216K, 0% used [0x00000000e8b80000,0x00000000e8b80000,0x00000000e9480000)
 ParOldGen       total 74240K, used 33061K [0x00000000a0000000, 0x00000000a4880000, 0x00000000e0000000)
  object space 74240K, 44% used [0x00000000a0000000,0x00000000a2049470,0x00000000a4880000)
 Metaspace       used 63203K, capacity 65216K, committed 65496K, reserved 1105920K
  class space    used 8464K, capacity 8942K, committed 8960K, reserved 1048576K
GC Heap History (10 events):
Event: 29.068 GC heap before
{Heap before GC invocations=14 (full 2):
 PSYoungGen      total 101888K, used 92160K [0x00000000e0000000, 0x00000000e9480000, 0x0000000100000000)
  eden space 92160K, 100% used [0x00000000e0000000,0x00000000e5a00000,0x00000000e5a00000)
  from space 9728K, 0% used [0x00000000e5a00000,0x00000000e5a00000,0x00000000e6380000)
  to   space 9216K, 0% used [0x00000000e8b80000,0x00000000e8b80000,0x00000000e9480000)
 ParOldGen       total 45568K, used 16162K [0x00000000a0000000, 0x00000000a2c80000, 0x00000000e0000000)
  object space 45568K, 35% used [0x00000000a0000000,0x00000000a0fc8b10,0x00000000a2c80000)
 Metaspace       used 40322K, capacity 41132K, committed 41432K, reserved 1085440K
  class space    used 5503K, capacity 5765K, committed 5888K, reserved 1048576K
Event: 29.093 GC heap after
Heap after GC invocations=14 (full 2):
 PSYoungGen      total 141312K, used 9207K [0x00000000e0000000, 0x00000000e9800000, 0x0000000100000000)
  eden space 132096K, 0% used [0x00000000e0000000,0x00000000e0000000,0x00000000e8100000)
  from space 9216K, 99% used [0x00000000e8b80000,0x00000000e947dd70,0x00000000e9480000)
  to   space 10752K, 0% used [0x00000000e8100000,0x00000000e8100000,0x00000000e8b80000)
 ParOldGen       total 45568K, used 17036K [0x00000000a0000000, 0x00000000a2c80000, 0x00000000e0000000)
  object space 45568K, 37% used [0x00000000a0000000,0x00000000a10a30d8,0x00000000a2c80000)
 Metaspace       used 40322K, capacity 41132K, committed 41432K, reserved 1085440K
  class space    used 5503K, capacity 5765K, committed 5888K, reserved 1048576K
}
Event: 33.204 GC heap before
{Heap before GC invocations=15 (full 2):
 PSYoungGen      total 141312K, used 141303K [0x00000000e0000000, 0x00000000e9800000, 0x0000000100000000)
  eden space 132096K, 100% used [0x00000000e0000000,0x00000000e8100000,0x00000000e8100000)
  from space 9216K, 99% used [0x00000000e8b80000,0x00000000e947dd70,0x00000000e9480000)
  to   space 10752K, 0% used [0x00000000e8100000,0x00000000e8100000,0x00000000e8b80000)
 ParOldGen       total 45568K, used 17036K [0x00000000a0000000, 0x00000000a2c80000, 0x00000000e0000000)
  object space 45568K, 37% used [0x00000000a0000000,0x00000000a10a30d8,0x00000000a2c80000)
 Metaspace       used 51318K, capacity 52886K, committed 52952K, reserved 1095680K
  class space    used 7048K, capacity 7411K, committed 7424K, reserved 1048576K
Event: 33.246 GC heap after
Heap after GC invocations=15 (full 2):
 PSYoungGen      total 142848K, used 10728K [0x00000000e0000000, 0x00000000e9800000, 0x0000000100000000)
  eden space 132096K, 0% used [0x00000000e0000000,0x00000000e0000000,0x00000000e8100000)
  from space 10752K, 99% used [0x00000000e8100000,0x00000000e8b7a110,0x00000000e8b80000)
  to   space 9216K, 0% used [0x00000000e8b80000,0x00000000e8b80000,0x00000000e9480000)
 ParOldGen       total 45568K, used 26048K [0x00000000a0000000, 0x00000000a2c80000, 0x00000000e0000000)
  object space 45568K, 57% used [0x00000000a0000000,0x00000000a19702d0,0x00000000a2c80000)
 Metaspace       used 51318K, capacity 52886K, committed 52952K, reserved 1095680K
  class space    used 7048K, capacity 7411K, committed 7424K, reserved 1048576K
}
Event: 39.952 GC heap before
{Heap before GC invocations=16 (full 2):
 PSYoungGen      total 142848K, used 142824K [0x00000000e0000000, 0x00000000e9800000, 0x0000000100000000)
  eden space 132096K, 100% used [0x00000000e0000000,0x00000000e8100000,0x00000000e8100000)
  from space 10752K, 99% used [0x00000000e8100000,0x00000000e8b7a110,0x00000000e8b80000)
  to   space 9216K, 0% used [0x00000000e8b80000,0x00000000e8b80000,0x00000000e9480000)
 ParOldGen       total 45568K, used 26048K [0x00000000a0000000, 0x00000000a2c80000, 0x00000000e0000000)
  object space 45568K, 57% used [0x00000000a0000000,0x00000000a19702d0,0x00000000a2c80000)
 Metaspace       used 56141K, capacity 57820K, committed 58072K, reserved 1099776K
  class space    used 7632K, capacity 8068K, committed 8192K, reserved 1048576K
Event: 39.993 GC heap after
Heap after GC invocations=16 (full 2):
 PSYoungGen      total 141312K, used 9029K [0x00000000e0000000, 0x00000000e9800000, 0x0000000100000000)
  eden space 132096K, 0% used [0x00000000e0000000,0x00000000e0000000,0x00000000e8100000)
  from space 9216K, 97% used [0x00000000e8b80000,0x00000000e9451758,0x00000000e9480000)
  to   space 10752K, 0% used [0x00000000e8100000,0x00000000e8100000,0x00000000e8b80000)
 ParOldGen       total 45568K, used 33129K [0x00000000a0000000, 0x00000000a2c80000, 0x00000000e0000000)
  object space 45568K, 72% used [0x00000000a0000000,0x00000000a205a760,0x00000000a2c80000)
 Metaspace       used 56141K, capacity 57820K, committed 58072K, reserved 1099776K
  class space    used 7632K, capacity 8068K, committed 8192K, reserved 1048576K
}
Event: 47.114 GC heap before
{Heap before GC invocations=17 (full 2):
 PSYoungGen      total 141312K, used 52919K [0x00000000e0000000, 0x00000000e9800000, 0x0000000100000000)
  eden space 132096K, 33% used [0x00000000e0000000,0x00000000e2adc840,0x00000000e8100000)
  from space 9216K, 97% used [0x00000000e8b80000,0x00000000e9451758,0x00000000e9480000)
  to   space 10752K, 0% used [0x00000000e8100000,0x00000000e8100000,0x00000000e8b80000)
 ParOldGen       total 45568K, used 33129K [0x00000000a0000000, 0x00000000a2c80000, 0x00000000e0000000)
  object space 45568K, 72% used [0x00000000a0000000,0x00000000a205a760,0x00000000a2c80000)
 Metaspace       used 57138K, capacity 58928K, committed 59028K, reserved 1099776K
  class space    used 7766K, capacity 8188K, committed 8192K, reserved 1048576K
Event: 47.126 GC heap after
Heap after GC invocations=17 (full 2):
 PSYoungGen      total 142848K, used 1489K [0x00000000e0000000, 0x00000000e9800000, 0x0000000100000000)
  eden space 132096K, 0% used [0x00000000e0000000,0x00000000e0000000,0x00000000e8100000)
  from space 10752K, 13% used [0x00000000e8100000,0x00000000e82747a8,0x00000000e8b80000)
  to   space 9216K, 0% used [0x00000000e8b80000,0x00000000e8b80000,0x00000000e9480000)
 ParOldGen       total 45568K, used 38439K [0x00000000a0000000, 0x00000000a2c80000, 0x00000000e0000000)
  object space 45568K, 84% used [0x00000000a0000000,0x00000000a2589dc0,0x00000000a2c80000)
 Metaspace       used 57138K, capacity 58928K, committed 59028K, reserved 1099776K
  class space    used 7766K, capacity 8188K, committed 8192K, reserved 1048576K
}
Event: 47.126 GC heap before
{Heap before GC invocations=18 (full 3):
 PSYoungGen      total 142848K, used 1489K [0x00000000e0000000, 0x00000000e9800000, 0x0000000100000000)
  eden space 132096K, 0% used [0x00000000e0000000,0x00000000e0000000,0x00000000e8100000)
  from space 10752K, 13% used [0x00000000e8100000,0x00000000e82747a8,0x00000000e8b80000)
  to   space 9216K, 0% used [0x00000000e8b80000,0x00000000e8b80000,0x00000000e9480000)
 ParOldGen       total 45568K, used 38439K [0x00000000a0000000, 0x00000000a2c80000, 0x00000000e0000000)
  object space 45568K, 84% used [0x00000000a0000000,0x00000000a2589dc0,0x00000000a2c80000)
 Metaspace       used 57138K, capacity 58928K, committed 59028K, reserved 1099776K
  class space    used 7766K, capacity 8188K, committed 8192K, reserved 1048576K
Event: 47.467 GC heap after
Heap after GC invocations=18 (full 3):
 PSYoungGen      total 142848K, used 0K [0x00000000e0000000, 0x00000000e9800000, 0x0000000100000000)
  eden space 132096K, 0% used [0x00000000e0000000,0x00000000e0000000,0x00000000e8100000)
  from space 10752K, 0% used [0x00000000e8100000,0x00000000e8100000,0x00000000e8b80000)
  to   space 9216K, 0% used [0x00000000e8b80000,0x00000000e8b80000,0x00000000e9480000)
 ParOldGen       total 74240K, used 33061K [0x00000000a0000000, 0x00000000a4880000, 0x00000000e0000000)
  object space 74240K, 44% used [0x00000000a0000000,0x00000000a2049470,0x00000000a4880000)
 Metaspace       used 57138K, capacity 58928K, committed 59028K, reserved 1099776K
  class space    used 7766K, capacity 8188K, committed 8192K, reserved 1048576K
}

